P9.5 cadence re-confirm  (QUICK=False, seeds=[42, 137, 271, 314, 1729], cadences=[2, 4, 6, 8])
  guards: all green
  [life-cache] seed 42: n_steps=536 onsets=[40, 88, 136, 184] nuis=472 monitors=10 grid=101 (12.2s)
  seed 42: c2 wBWT=-0.073/orc-0.073 nslp=50 | c4 wBWT=-0.073/orc-0.073 nslp=25 | c6 wBWT=-0.087/orc-0.087 nslp=16 | c8 wBWT=-0.317/orc-0.339 nslp=12
  [life-cache] seed 137: n_steps=536 onsets=[40, 88, 136, 184] nuis=472 monitors=10 grid=101 (11.6s)
  seed 137: c2 wBWT=-0.033/orc-0.033 nslp=50 | c4 wBWT=-0.022/orc-0.022 nslp=25 | c6 wBWT=-0.093/orc-0.093 nslp=16 | c8 wBWT=-0.517/orc-0.317 nslp=12
  [life-cache] seed 271: n_steps=536 onsets=[40, 88, 136, 184] nuis=472 monitors=10 grid=101 (12.7s)
  seed 271: c2 wBWT=-0.039/orc-0.039 nslp=50 | c4 wBWT=-0.011/orc-0.011 nslp=25 | c6 wBWT=-0.094/orc-0.094 nslp=16 | c8 wBWT=-0.267/orc-0.289 nslp=12
  [life-cache] seed 314: n_steps=536 onsets=[40, 88, 136, 184] nuis=472 monitors=10 grid=101 (11.3s)
  seed 314: c2 wBWT=-0.028/orc-0.028 nslp=50 | c4 wBWT=-0.028/orc-0.028 nslp=25 | c6 wBWT=-0.067/orc-0.067 nslp=16 | c8 wBWT=-0.439/orc-0.272 nslp=12
  [life-cache] seed 1729: n_steps=536 onsets=[40, 88, 136, 184] nuis=472 monitors=10 grid=101 (11.7s)
  seed 1729: c2 wBWT=-0.033/orc-0.033 nslp=50 | c4 wBWT=-0.039/orc-0.039 nslp=25 | c6 wBWT=-0.040/orc-0.040 nslp=16 | c8 wBWT=-0.222/orc-0.278 nslp=12

  shipped (grid-8) base AA = 0.494  (AA-held bar = 0.474)
   cadence  neg/5                 AA  AA-held           GD-share  GD<=.25  nsleep  FREEZE?
         2      0 0.495 [0.483-0.523]     True 0.215 [0.215-0.215]     True      50     True
         4      0 0.494 [0.478-0.502]     True 0.178 [0.178-0.178]     True      25     True
         6      0 0.495 [0.483-0.523]     True 0.153 [0.153-0.153]     True      16     True
         8      2 0.494 [0.478-0.502]     True 0.138 [0.138-0.138]     True      12    False

== CADENCE RE-CONFIRM (wall 544.0s) ==
  WINNER: cadence_every=2 clears the oracle-veto (neg<=1) at held AA + GD-share<=0.25 -> commit as the lifelong cadence, re-freeze.
