P10.3 — the gauntlet money figure  (QUICK=False, seeds=[42, 137, 271, 314, 1729])
  guards: all green
  domains=['identity', 'permuted', 'rotated', 'covariate', 'noised']  Tier-1 rep=grid-5  ER-strong dims=[40, 49, 49, 49, 10] replay=64
  seed 42: OURS g4 allprev[-1]=0.526 ER allprev[-1]=0.530 order-delta=-0.014 | LONG worst-allprev OURS=0.559 ER=0.692
  seed 137: OURS g4 allprev[-1]=0.499 ER allprev[-1]=0.457 order-delta=-0.032 | LONG worst-allprev OURS=0.529 ER=0.674
  seed 271: OURS g4 allprev[-1]=0.476 ER allprev[-1]=0.504 order-delta=+0.018 | LONG worst-allprev OURS=0.533 ER=0.675
  seed 314: OURS g4 allprev[-1]=0.480 ER allprev[-1]=0.488 order-delta=+0.018 | LONG worst-allprev OURS=0.557 ER=0.674
  seed 1729: OURS g4 allprev[-1]=0.490 ER allprev[-1]=0.515 order-delta=-0.057 | LONG worst-allprev OURS=0.482 ER=0.668

  == GAUNTLET (delta_acc=0.02) ==
         cfg   all-prev[-1]   worst all-prev      AAA  worst-BWT      E(dig)
          g4 0.490 [0.480-0.499]            0.490    0.519 -0.012 [-0.036--0.004]   7.400e+07
          g5 0.490 [0.480-0.499]            0.463    0.494 -0.038 [-0.054--0.030]   6.796e+07
          g8 0.487 [0.483-0.491]            0.464    0.505 -0.036 [-0.038--0.010]   5.587e+07
         g16 0.487 [0.483-0.491]            0.223    0.409 -0.040 [-0.042--0.022]   4.982e+07
   er_strong 0.504 [0.488-0.515]            0.350    0.433 0.000 [0.000-0.000]   5.030e+07
  same-substrate (digital): OURS g4 7.400e+07 vs ER-strong 5.030e+07 -> 1.471x
  substrate total (OURS-analog vs ER-digital): 3.5x
  reversed-order AA delta (grid-4): -0.014 [-0.032-0.018]
  throughput/steps-behind: ER-strong rel-complexity 0.71x, steps-behind 0.00 (OURS 0 by construction)
  §10 stream view (per-batch, replay-guarded): final seen-so-far OURS g4 0.490 vs ER 0.504 | live-batch mean OURS 0.469 vs ER 0.273
  §10 E6 REVERSED stream view (noised first): final seen-so-far OURS g4 0.494 vs ER 0.343 | live-batch mean OURS 0.445 vs ER 0.225 | ER reversed final AA 0.343 [0.336-0.370] (vs forward 0.504 [0.488-0.515]) — K9's ER leg completed
  §10 E8 ALIGNMENT-BREAK stream (blocks [68, 63, 56, 57, 68], 312 steps): final seen-so-far OURS g4 0.533 vs ER 0.675 | live-batch mean OURS 0.501 vs ER 0.446 | final AA OURS 0.533 [0.532-0.557] vs ER 0.675 [0.674-0.675] | sleeps/domain (seed 42) [3, 2, 3, 3, 3] at steps [23, 47, 67, 89, 113, 131, 155, 179, 197, 221, 243, 263, 287, 311] (onsets [0, 68, 131, 187, 244]) — sleeps land MID-domain
  §10 E8b ALIGNED-long control (block 72x5): OURS worst-point all-prev 0.538 vs misaligned 0.533 (paired gap +0.002) | final AA 0.538 [0.536-0.542] | sleeps (seed 42) at steps [23, 47, 71, 95, 119, 143, 167, 191, 215, 239, 263, 287, 311, 335, 359] (boundaries at 71,143,215,287,359)
  §10 E8 VERDICT: LENGTH-EFFECT (OURS aligned-72 0.538 vs misaligned 0.533, paired gap +0.002 <= delta — alignment is a NON-FACTOR for OURS; ER strengthens on longer domains (final AA 0.675 long vs 0.504 committed) -> the P10.3 relative win is switch-frequency-scoped, banked as a money-figure scope line)
  §10 E10 REVERSED-LONG stream (blocks [68, 63, 56, 57, 68] reversed-order, 312 steps): final seen-so-far OURS g4 0.527 vs ER 0.580 | live-batch mean OURS 0.504 vs ER 0.404 | final AA OURS 0.527 [0.519-0.529] vs ER 0.580 [0.577-0.600] (ER rev-short 0.343 [0.336-0.370], ER fwd-long 0.675 [0.674-0.675]) | sag-jump 0.052 [0.044-0.056] | sag-deep revlong 0.165 [0.161-0.167] vs REV 0.157 [0.153-0.210]
  §10 E10 VERDICT: STALENESS-DISCONFIRMED/PARTIAL (jump>0 in 5/5, sag-shallower in 3/5 — FLAG: the decay is not fully head-frame staleness; a bulk-level component must be named)
  VERDICT: RETENTION-COMPETITIVE/BETTER (OURS worst-point all-prev 0.490 vs ER 0.350; AAA 0.519 vs 0.433); algorithm-energy NOT a win (1.47x same-substrate); energy win SUBSTRATE-realized (3.5x OURS-analog vs ER-digital). Final all-prev 0.490 vs 0.504.
  fig GAUNTLET.png
  fig GAUNTLET_STREAM.png
  fig GAUNTLET_STREAM_REV.png
  fig GAUNTLET_STREAM_LONG.png
  fig GAUNTLET_STREAM_REVLONG.png
  fig SUBSTRATE.png
  fig INV.png

== P10.3 done (wall 581.2s) ==
