P10.3 — the gauntlet money figure  (QUICK=False, seeds=[42, 137, 271, 314, 1729])
  guards: all green
  domains=['identity', 'permuted', 'rotated', 'covariate', 'noised']  Tier-1 rep=grid-5  ER-strong dims=[40, 49, 49, 49, 10] replay=64
  seed 42: OURS g4 allprev[-1]=0.526 ER allprev[-1]=0.530 order-delta=-0.014
  seed 137: OURS g4 allprev[-1]=0.499 ER allprev[-1]=0.457 order-delta=-0.032
  seed 271: OURS g4 allprev[-1]=0.476 ER allprev[-1]=0.504 order-delta=+0.018
  seed 314: OURS g4 allprev[-1]=0.480 ER allprev[-1]=0.488 order-delta=+0.018
  seed 1729: OURS g4 allprev[-1]=0.490 ER allprev[-1]=0.515 order-delta=-0.057

  == GAUNTLET (delta_acc=0.02) ==
         cfg   all-prev[-1]   worst all-prev      AAA  worst-BWT      E(dig)
          g4 0.490 [0.480-0.499]            0.490    0.519 -0.012 [-0.036--0.004]   7.400e+07
          g5 0.490 [0.480-0.499]            0.463    0.494 -0.038 [-0.054--0.030]   6.796e+07
          g8 0.487 [0.483-0.491]            0.464    0.505 -0.036 [-0.038--0.010]   5.587e+07
         g16 0.487 [0.483-0.491]            0.223    0.409 -0.040 [-0.042--0.022]   4.982e+07
   er_strong 0.504 [0.488-0.515]            0.350    0.433 0.000 [0.000-0.000]   5.030e+07
  same-substrate (digital): OURS g4 7.400e+07 vs ER-strong 5.030e+07 -> 1.471x
  substrate total (OURS-analog vs ER-digital): 3.5x
  reversed-order AA delta (grid-4): -0.014 [-0.032-0.018]
  throughput/steps-behind: ER-strong rel-complexity 0.71x, steps-behind 0.00 (OURS 0 by construction)
  VERDICT: RETENTION-COMPETITIVE/BETTER (OURS worst-point all-prev 0.490 vs ER 0.350; AAA 0.519 vs 0.433); algorithm-energy NOT a win (1.47x same-substrate); energy win SUBSTRATE-realized (3.5x OURS-analog vs ER-digital). Final all-prev 0.490 vs 0.504.
  fig GAUNTLET.png
  fig SUBSTRATE.png
  fig INV.png

== P10.3 done (wall 183.8s) ==
