P9.0 — risk gate: guards + lifelong drift + rotation/staleness/DESTRUCTION  (QUICK=False, seeds=[42, 137, 271, 314, 1729])
== GUARDS (any fail -> STOP) ==
  [partial_fit_equiv ranpac] max|W_stream-W_batch|=4.11e-15 pred-miss=0  OK
  [partial_fit_equiv slda] max|W_stream-W_batch|=2.22e-16 pred-miss=0  OK
  [fd_budget_gate] max|analytic-FD|=3.47e-08  OK
  [meter_proxy] our fwd-MAC=1556000 == readout_cost fwd_macs=1556000 solve_dim=2000  OK
  [detector_far] stationary FAR floor {'abs': 0.0, 'ddm': 0.0, 'adwin': 0.0}  OK
  [scff_static_frozen] frozen-tap reproducibility max|d|=0.00e+00 static RanPAC acc=0.566  OK
  [live_path_anchor] block-mode vs continual_safety_heads max|d|=0.00e+00  AA ref=0.3602 new=0.3602  OK
  [cache_replay] deterministic replay max|d|=0.00e+00 fire-diff=0 firefrac=1.00  OK
  [n2_readside] (a) p9==p8 max|dmat|=0.00e+00 fire-diff=0  OK
  [n2_readside] (c) LLRD rho=1 max|dW|=0.00e+00 OK | rho<1 early/mid move=0.00e+00 late move=7.92e-03  early CLEAN (rate-only)
  [evict_equiv] (a) cap=inf kept=140/140 appended=140  OK
  [evict_equiv] (b) cap=30 recency == last-30 FIFO contents  OK
  -> all guards PASS
  [life-cache] seed 42: n_steps=536 onsets=[40, 88, 136, 184] nuis=472 monitors=10 grid=101 (11.2s)
  seed 42: rotation 0.645 staleness 0.069 DESTRUCTION 2.207 (birth-refit 0.156) | committed AA=0.443 wBWT=-0.317 f=0.002
  [life-cache] seed 137: n_steps=536 onsets=[40, 88, 136, 184] nuis=472 monitors=10 grid=101 (11.0s)
  seed 137: rotation 0.655 staleness 0.000 DESTRUCTION 2.097 (birth-refit 0.167) | committed AA=0.478 wBWT=-0.517 f=0.002
  [life-cache] seed 271: n_steps=536 onsets=[40, 88, 136, 184] nuis=472 monitors=10 grid=101 (13.8s)
  seed 271: rotation 0.741 staleness 0.000 DESTRUCTION 2.676 (birth-refit 0.183) | committed AA=0.526 wBWT=-0.267 f=0.004
  [life-cache] seed 314: n_steps=536 onsets=[40, 88, 136, 184] nuis=472 monitors=10 grid=101 (10.8s)
  seed 314: rotation 0.631 staleness 0.600 DESTRUCTION 1.756 (birth-refit 0.242) | committed AA=0.502 wBWT=-0.439 f=0.002
  [life-cache] seed 1729: n_steps=536 onsets=[40, 88, 136, 184] nuis=472 monitors=10 grid=101 (10.8s)
  seed 1729: rotation 0.622 staleness 0.972 DESTRUCTION 2.472 (birth-refit 0.194) | committed AA=0.494 wBWT=-0.222 f=0.002
== figures ==
C:\Users\BTCOM\Desktop\0_Project\Bio-AnalogCPU\draft6.0\src\phase9\exp0\..\plot_p9.py:73: UserWarning: Glyph 11088 (\N{WHITE MEDIUM STAR}) missing from font(s) DejaVu Sans.
  fig.tight_layout(); fig.savefig(p); plt.close(fig)
  DRIFT_LIFELONG.png
  CONT_SAFETY.png
  INV.png

== P9.0 SUMMARY (wall 584.1s) ==
  rotation(final)    0.645 [0.631-0.655]   (taps rotate — expected)
  staleness(final)   0.069 [0.000-0.600]   (a FIXED head fit at birth — what sleep fixes)
  DESTRUCTION(final) 2.207 [2.097-2.472]  min 0.966 [0.861-1.000]   <- the VERDICT curve (2203.13381)
  committed loop: AA 0.494 [0.478-0.502] wBWT -0.317 [-0.439--0.267] f 0.002 [0.002-0.002]
  oracle ref:     AA 0.494 [0.478-0.502] wBWT -0.289 [-0.317--0.278]  | always-pay: AA 0.530 [0.505-0.539] wBWT -0.400 [-0.400--0.400]
  VERDICT: ROTATION-ONLY — the cheapness holds (re-fit retention within delta_acc of birth)
